
/home/runner/work/exp-projections-of-planes-nitk/exp-projections-of-planes-nitk/experiment/simulation/js/sample.js
    3:10  warning  'navNext' is defined but never used        no-unused-vars
   15:2   warning  'interval' is not defined                  no-undef
   16:5   warning  'increment' is not defined                 no-undef
   19:1   warning  Mixed spaces and tabs                      no-mixed-spaces-and-tabs
   28:2   warning  Mixed spaces and tabs                      no-mixed-spaces-and-tabs
   28:7   warning  'interval' is not defined                  no-undef
   28:18  warning  'increment' is not defined                 no-undef
   29:2   warning  Mixed spaces and tabs                      no-mixed-spaces-and-tabs
   29:4   warning  'increment' is not defined                 no-undef
   29:16  warning  'increment' is not defined                 no-undef
  134:10  warning  'question' is defined but never used       no-unused-vars
  138:10  warning  'a' is defined but never used              no-unused-vars
  140:2   warning  'clicks' is not defined                    no-undef
  170:10  warning  'b' is defined but never used              no-unused-vars
  172:2   warning  'clicks' is not defined                    no-undef
  199:10  warning  'c' is defined but never used              no-unused-vars
  201:2   warning  'clicks' is not defined                    no-undef
  231:10  warning  'd' is defined but never used              no-unused-vars
  233:2   warning  'clicks' is not defined                    no-undef
  257:12  warning  'e' is defined but never used              no-unused-vars
  258:2   warning  'clicks' is not defined                    no-undef
  298:12  warning  'f' is defined but never used              no-unused-vars
  299:2   warning  'clicks' is not defined                    no-undef
  324:10  warning  'g' is defined but never used              no-unused-vars
  325:2   warning  'clicks' is not defined                    no-undef
  348:10  warning  'resetPentagon' is defined but never used  no-unused-vars
  366:17  warning  'clicks' is not defined                    no-undef
  367:3   warning  'clicks' is not defined                    no-undef

✖ 28 problems (0 errors, 28 warnings)

